2022-12-20 10:50:45 DEBUG TelegramBot"33 - ok
2022-12-20 10:51:15 DEBUG TelegramBot"33 - hello
2022-12-20 10:55:07 DEBUG TelegramBot"31 - hhjio
2022-12-20 10:59:16 DEBUG TelegramBot"33 - hello
2022-12-20 10:59:16 ERROR TelegramBot"46 - org.telegram.telegrambots.meta.exceptions.TelegramApiRequestException: Unable to deserialize response
2022-12-20 13:38:09 DEBUG UpdateProducerImpl"13 - drghr
2022-12-20 13:40:21 DEBUG UpdateProducerImpl"13 - 
2022-12-21 11:51:45 DEBUG UpdateProducerImpl"21 - hello 11
2022-12-21 15:37:13 DEBUG UpdateProducerImpl"21 - Hello from chat
2022-12-21 15:38:53 DEBUG UpdateProducerImpl"21 - Hello from chat
2022-12-21 15:40:34 DEBUG UpdateProducerImpl"21 - Hello from chat
2022-12-22 14:46:25 DEBUG UpdateProducerImpl"21 - Hello from chat
2022-12-22 17:28:43 DEBUG UpdateProducerImpl"21 - hello from chat
2022-12-22 17:32:22 DEBUG UpdateProducerImpl"21 - hello from chat
2022-12-23 15:36:55 ERROR UpdateController"37 - Unsupported message type is received: Update(updateId=682294888, message=null, inlineQuery=null, chosenInlineQuery=null, callbackQuery=null, editedMessage=null, channelPost=null, editedChannelPost=null, shippingQuery=null, preCheckoutQuery=null, poll=null, pollAnswer=null, myChatMember=ChatMemberUpdated(chat=Chat(id=496477129, type=private, title=null, firstName=Ivan, lastName=Bykov, userName=ivanbykoff, photo=null, description=null, inviteLink=null, pinnedMessage=null, stickerSetName=null, canSetStickerSet=null, permissions=null, slowModeDelay=null, bio=null, linkedChatId=null, location=null, messageAutoDeleteTime=null, hasPrivateForwards=null, HasProtectedContent=null, joinToSendMessages=null, joinByRequest=null), from=User(id=496477129, firstName=Ivan, isBot=false, lastName=Bykov, userName=ivanbykoff, languageCode=ru, canJoinGroups=null, canReadAllGroupMessages=null, supportInlineQueries=null, isPremium=null, addedToAttachmentMenu=null), date=1671799031, oldChatMember=ChatMemberMember(status=member, user=User(id=5733880767, firstName=BabushkaAndPogreb, isBot=true, lastName=null, userName=babushka_and_pogreb_bot, languageCode=null, canJoinGroups=null, canReadAllGroupMessages=null, supportInlineQueries=null, isPremium=null, addedToAttachmentMenu=null)), newChatMember=ChatMemberBanned(status=kicked, user=User(id=5733880767, firstName=BabushkaAndPogreb, isBot=true, lastName=null, userName=babushka_and_pogreb_bot, languageCode=null, canJoinGroups=null, canReadAllGroupMessages=null, supportInlineQueries=null, isPremium=null, addedToAttachmentMenu=null), untilDate=0), inviteLink=null), chatMember=null, chatJoinRequest=null)
2022-12-23 15:36:57 ERROR UpdateController"37 - Unsupported message type is received: Update(updateId=682294889, message=null, inlineQuery=null, chosenInlineQuery=null, callbackQuery=null, editedMessage=null, channelPost=null, editedChannelPost=null, shippingQuery=null, preCheckoutQuery=null, poll=null, pollAnswer=null, myChatMember=ChatMemberUpdated(chat=Chat(id=496477129, type=private, title=null, firstName=Ivan, lastName=Bykov, userName=ivanbykoff, photo=null, description=null, inviteLink=null, pinnedMessage=null, stickerSetName=null, canSetStickerSet=null, permissions=null, slowModeDelay=null, bio=null, linkedChatId=null, location=null, messageAutoDeleteTime=null, hasPrivateForwards=null, HasProtectedContent=null, joinToSendMessages=null, joinByRequest=null), from=User(id=496477129, firstName=Ivan, isBot=false, lastName=Bykov, userName=ivanbykoff, languageCode=ru, canJoinGroups=null, canReadAllGroupMessages=null, supportInlineQueries=null, isPremium=null, addedToAttachmentMenu=null), date=1671799032, oldChatMember=ChatMemberBanned(status=kicked, user=User(id=5733880767, firstName=BabushkaAndPogreb, isBot=true, lastName=null, userName=babushka_and_pogreb_bot, languageCode=null, canJoinGroups=null, canReadAllGroupMessages=null, supportInlineQueries=null, isPremium=null, addedToAttachmentMenu=null), untilDate=0), newChatMember=ChatMemberMember(status=member, user=User(id=5733880767, firstName=BabushkaAndPogreb, isBot=true, lastName=null, userName=babushka_and_pogreb_bot, languageCode=null, canJoinGroups=null, canReadAllGroupMessages=null, supportInlineQueries=null, isPremium=null, addedToAttachmentMenu=null)), inviteLink=null), chatMember=null, chatJoinRequest=null)
2022-12-23 15:37:02 DEBUG UpdateProducerImpl"21 - /start
2022-12-23 15:37:11 DEBUG UpdateProducerImpl"21 - /help
2022-12-23 15:37:18 DEBUG UpdateProducerImpl"21 - /registration
2022-12-23 15:37:20 DEBUG UpdateProducerImpl"21 - /cansel
2022-12-23 15:37:32 DEBUG UpdateProducerImpl"21 - /dcdc
2022-12-23 15:37:51 DEBUG UpdateProducerImpl"21 - 
